2023-04-09 10:10:01,825 INFO:GET request received: /home/dev/myfolder/OS/apois-client-server/lab5/data-storage
2023-04-09 10:10:01,834 INFO:Sending headers: Host: 127.0.0.1:8080
Connection: keep-alive
sec-ch-ua: "Google Chrome";v="111", "Not(A:Brand";v="8", "Chromium";v="111"
sec-ch-ua-mobile: ?0
sec-ch-ua-platform: "Linux"
Upgrade-Insecure-Requests: 1
User-Agent: Mozilla/5.0 (X11; Linux x86_64) AppleWebKit/537.36 (KHTML, like Gecko) Chrome/111.0.0.0 Safari/537.36
Accept: text/html,application/xhtml+xml,application/xml;q=0.9,image/avif,image/webp,image/apng,*/*;q=0.8,application/signed-exchange;v=b3;q=0.7
Sec-Fetch-Site: same-origin
Sec-Fetch-Mode: navigate
Sec-Fetch-User: ?1
Sec-Fetch-Dest: document
Referer: http://127.0.0.1:8080/
Accept-Encoding: gzip, deflate, br
Accept-Language: ru,en;q=0.9
Cookie: csrftoken=NNJrhTa9Vi7WdtV7ZJlwV9ExmzI2Xn4L33OkLvsVQhVJtYoplYogfJwUZRgA2bXs
If-Modified-Since: Sun, 09 Apr 2023 07:01:29 GMT


2023-04-09 10:10:01,862 INFO:GET request received: /home/dev/myfolder/OS/apois-client-server/lab5/data-storage
2023-04-09 10:10:01,864 INFO:Sending headers: Host: 127.0.0.1:8080
Connection: keep-alive
sec-ch-ua: "Google Chrome";v="111", "Not(A:Brand";v="8", "Chromium";v="111"
sec-ch-ua-mobile: ?0
User-Agent: Mozilla/5.0 (X11; Linux x86_64) AppleWebKit/537.36 (KHTML, like Gecko) Chrome/111.0.0.0 Safari/537.36
sec-ch-ua-platform: "Linux"
Accept: */*
Sec-Fetch-Site: same-origin
Sec-Fetch-Mode: no-cors
Sec-Fetch-Dest: script
Referer: http://127.0.0.1:8080/index1.html
Accept-Encoding: gzip, deflate, br
Accept-Language: ru,en;q=0.9
Cookie: csrftoken=NNJrhTa9Vi7WdtV7ZJlwV9ExmzI2Xn4L33OkLvsVQhVJtYoplYogfJwUZRgA2bXs
If-Modified-Since: Sun, 09 Apr 2023 06:53:36 GMT


2023-04-09 10:10:01,866 INFO:GET request received: /home/dev/myfolder/OS/apois-client-server/lab5/data-storage
2023-04-09 10:10:01,868 INFO:Sending headers: Host: 127.0.0.1:8080
Connection: keep-alive
sec-ch-ua: "Google Chrome";v="111", "Not(A:Brand";v="8", "Chromium";v="111"
sec-ch-ua-mobile: ?0
User-Agent: Mozilla/5.0 (X11; Linux x86_64) AppleWebKit/537.36 (KHTML, like Gecko) Chrome/111.0.0.0 Safari/537.36
sec-ch-ua-platform: "Linux"
Accept: text/css,*/*;q=0.1
Sec-Fetch-Site: same-origin
Sec-Fetch-Mode: no-cors
Sec-Fetch-Dest: style
Referer: http://127.0.0.1:8080/index1.html
Accept-Encoding: gzip, deflate, br
Accept-Language: ru,en;q=0.9
Cookie: csrftoken=NNJrhTa9Vi7WdtV7ZJlwV9ExmzI2Xn4L33OkLvsVQhVJtYoplYogfJwUZRgA2bXs
If-Modified-Since: Sun, 09 Apr 2023 06:53:21 GMT


2023-04-09 10:12:24,307 INFO:GET request received: /home/dev/myfolder/OS/apois-client-server/lab5/data-storage
2023-04-09 10:12:24,309 INFO:Sending headers: Host: 127.0.0.1:8080
Connection: keep-alive
Cache-Control: max-age=0
sec-ch-ua: "Google Chrome";v="111", "Not(A:Brand";v="8", "Chromium";v="111"
sec-ch-ua-mobile: ?0
sec-ch-ua-platform: "Linux"
Upgrade-Insecure-Requests: 1
User-Agent: Mozilla/5.0 (X11; Linux x86_64) AppleWebKit/537.36 (KHTML, like Gecko) Chrome/111.0.0.0 Safari/537.36
Accept: text/html,application/xhtml+xml,application/xml;q=0.9,image/avif,image/webp,image/apng,*/*;q=0.8,application/signed-exchange;v=b3;q=0.7
Sec-Fetch-Site: none
Sec-Fetch-Mode: navigate
Sec-Fetch-User: ?1
Sec-Fetch-Dest: document
Accept-Encoding: gzip, deflate, br
Accept-Language: ru,en;q=0.9
Cookie: csrftoken=NNJrhTa9Vi7WdtV7ZJlwV9ExmzI2Xn4L33OkLvsVQhVJtYoplYogfJwUZRgA2bXs


2023-04-09 10:12:25,256 INFO:GET request received: /home/dev/myfolder/OS/apois-client-server/lab5/data-storage
2023-04-09 10:12:25,258 INFO:Sending headers: Host: 127.0.0.1:8080
Connection: keep-alive
Cache-Control: max-age=0
sec-ch-ua: "Google Chrome";v="111", "Not(A:Brand";v="8", "Chromium";v="111"
sec-ch-ua-mobile: ?0
sec-ch-ua-platform: "Linux"
Upgrade-Insecure-Requests: 1
User-Agent: Mozilla/5.0 (X11; Linux x86_64) AppleWebKit/537.36 (KHTML, like Gecko) Chrome/111.0.0.0 Safari/537.36
Accept: text/html,application/xhtml+xml,application/xml;q=0.9,image/avif,image/webp,image/apng,*/*;q=0.8,application/signed-exchange;v=b3;q=0.7
Sec-Fetch-Site: none
Sec-Fetch-Mode: navigate
Sec-Fetch-User: ?1
Sec-Fetch-Dest: document
Accept-Encoding: gzip, deflate, br
Accept-Language: ru,en;q=0.9
Cookie: csrftoken=NNJrhTa9Vi7WdtV7ZJlwV9ExmzI2Xn4L33OkLvsVQhVJtYoplYogfJwUZRgA2bXs


2023-04-09 10:12:25,804 INFO:GET request received: /home/dev/myfolder/OS/apois-client-server/lab5/data-storage
2023-04-09 10:12:25,806 INFO:Sending headers: Host: 127.0.0.1:8080
Connection: keep-alive
Cache-Control: max-age=0
sec-ch-ua: "Google Chrome";v="111", "Not(A:Brand";v="8", "Chromium";v="111"
sec-ch-ua-mobile: ?0
sec-ch-ua-platform: "Linux"
Upgrade-Insecure-Requests: 1
User-Agent: Mozilla/5.0 (X11; Linux x86_64) AppleWebKit/537.36 (KHTML, like Gecko) Chrome/111.0.0.0 Safari/537.36
Accept: text/html,application/xhtml+xml,application/xml;q=0.9,image/avif,image/webp,image/apng,*/*;q=0.8,application/signed-exchange;v=b3;q=0.7
Sec-Fetch-Site: none
Sec-Fetch-Mode: navigate
Sec-Fetch-User: ?1
Sec-Fetch-Dest: document
Accept-Encoding: gzip, deflate, br
Accept-Language: ru,en;q=0.9
Cookie: csrftoken=NNJrhTa9Vi7WdtV7ZJlwV9ExmzI2Xn4L33OkLvsVQhVJtYoplYogfJwUZRgA2bXs


2023-04-09 10:19:18,578 INFO:GET request received: /home/dev/myfolder/OS/apois-client-server/lab5/data-storage
2023-04-09 10:19:18,580 INFO:Sending headers: Host: 127.0.0.1:8080
Connection: keep-alive
Cache-Control: max-age=0
sec-ch-ua: "Google Chrome";v="111", "Not(A:Brand";v="8", "Chromium";v="111"
sec-ch-ua-mobile: ?0
sec-ch-ua-platform: "Linux"
Upgrade-Insecure-Requests: 1
User-Agent: Mozilla/5.0 (X11; Linux x86_64) AppleWebKit/537.36 (KHTML, like Gecko) Chrome/111.0.0.0 Safari/537.36
Accept: text/html,application/xhtml+xml,application/xml;q=0.9,image/avif,image/webp,image/apng,*/*;q=0.8,application/signed-exchange;v=b3;q=0.7
Sec-Fetch-Site: none
Sec-Fetch-Mode: navigate
Sec-Fetch-User: ?1
Sec-Fetch-Dest: document
Accept-Encoding: gzip, deflate, br
Accept-Language: ru,en;q=0.9
Cookie: csrftoken=NNJrhTa9Vi7WdtV7ZJlwV9ExmzI2Xn4L33OkLvsVQhVJtYoplYogfJwUZRgA2bXs


2023-04-09 10:19:20,130 INFO:GET request received: /home/dev/myfolder/OS/apois-client-server/lab5/data-storage
2023-04-09 10:19:20,131 INFO:Sending headers: Host: 127.0.0.1:8080
Connection: keep-alive
Cache-Control: max-age=0
sec-ch-ua: "Google Chrome";v="111", "Not(A:Brand";v="8", "Chromium";v="111"
sec-ch-ua-mobile: ?0
sec-ch-ua-platform: "Linux"
Upgrade-Insecure-Requests: 1
User-Agent: Mozilla/5.0 (X11; Linux x86_64) AppleWebKit/537.36 (KHTML, like Gecko) Chrome/111.0.0.0 Safari/537.36
Accept: text/html,application/xhtml+xml,application/xml;q=0.9,image/avif,image/webp,image/apng,*/*;q=0.8,application/signed-exchange;v=b3;q=0.7
Sec-Fetch-Site: none
Sec-Fetch-Mode: navigate
Sec-Fetch-User: ?1
Sec-Fetch-Dest: document
Accept-Encoding: gzip, deflate, br
Accept-Language: ru,en;q=0.9
Cookie: csrftoken=NNJrhTa9Vi7WdtV7ZJlwV9ExmzI2Xn4L33OkLvsVQhVJtYoplYogfJwUZRgA2bXs


2023-04-09 10:19:20,616 INFO:GET request received: /home/dev/myfolder/OS/apois-client-server/lab5/data-storage
2023-04-09 10:19:20,618 INFO:Sending headers: Host: 127.0.0.1:8080
Connection: keep-alive
Cache-Control: max-age=0
sec-ch-ua: "Google Chrome";v="111", "Not(A:Brand";v="8", "Chromium";v="111"
sec-ch-ua-mobile: ?0
sec-ch-ua-platform: "Linux"
Upgrade-Insecure-Requests: 1
User-Agent: Mozilla/5.0 (X11; Linux x86_64) AppleWebKit/537.36 (KHTML, like Gecko) Chrome/111.0.0.0 Safari/537.36
Accept: text/html,application/xhtml+xml,application/xml;q=0.9,image/avif,image/webp,image/apng,*/*;q=0.8,application/signed-exchange;v=b3;q=0.7
Sec-Fetch-Site: none
Sec-Fetch-Mode: navigate
Sec-Fetch-User: ?1
Sec-Fetch-Dest: document
Accept-Encoding: gzip, deflate, br
Accept-Language: ru,en;q=0.9
Cookie: csrftoken=NNJrhTa9Vi7WdtV7ZJlwV9ExmzI2Xn4L33OkLvsVQhVJtYoplYogfJwUZRgA2bXs


2023-04-09 10:19:20,972 INFO:GET request received: /home/dev/myfolder/OS/apois-client-server/lab5/data-storage
2023-04-09 10:19:20,973 INFO:Sending headers: Host: 127.0.0.1:8080
Connection: keep-alive
Cache-Control: max-age=0
sec-ch-ua: "Google Chrome";v="111", "Not(A:Brand";v="8", "Chromium";v="111"
sec-ch-ua-mobile: ?0
sec-ch-ua-platform: "Linux"
Upgrade-Insecure-Requests: 1
User-Agent: Mozilla/5.0 (X11; Linux x86_64) AppleWebKit/537.36 (KHTML, like Gecko) Chrome/111.0.0.0 Safari/537.36
Accept: text/html,application/xhtml+xml,application/xml;q=0.9,image/avif,image/webp,image/apng,*/*;q=0.8,application/signed-exchange;v=b3;q=0.7
Sec-Fetch-Site: none
Sec-Fetch-Mode: navigate
Sec-Fetch-User: ?1
Sec-Fetch-Dest: document
Accept-Encoding: gzip, deflate, br
Accept-Language: ru,en;q=0.9
Cookie: csrftoken=NNJrhTa9Vi7WdtV7ZJlwV9ExmzI2Xn4L33OkLvsVQhVJtYoplYogfJwUZRgA2bXs


2023-04-09 10:22:09,186 INFO:GET request received: /home/dev/myfolder/OS/apois-client-server/lab5/data-storage
2023-04-09 10:22:09,188 INFO:Sending headers: Host: 127.0.0.1:8080
Connection: keep-alive
Cache-Control: max-age=0
sec-ch-ua: "Google Chrome";v="111", "Not(A:Brand";v="8", "Chromium";v="111"
sec-ch-ua-mobile: ?0
sec-ch-ua-platform: "Linux"
Upgrade-Insecure-Requests: 1
User-Agent: Mozilla/5.0 (X11; Linux x86_64) AppleWebKit/537.36 (KHTML, like Gecko) Chrome/111.0.0.0 Safari/537.36
Accept: text/html,application/xhtml+xml,application/xml;q=0.9,image/avif,image/webp,image/apng,*/*;q=0.8,application/signed-exchange;v=b3;q=0.7
Sec-Fetch-Site: none
Sec-Fetch-Mode: navigate
Sec-Fetch-User: ?1
Sec-Fetch-Dest: document
Accept-Encoding: gzip, deflate, br
Accept-Language: ru,en;q=0.9
Cookie: csrftoken=NNJrhTa9Vi7WdtV7ZJlwV9ExmzI2Xn4L33OkLvsVQhVJtYoplYogfJwUZRgA2bXs


2023-04-09 10:22:10,816 INFO:GET request received: /home/dev/myfolder/OS/apois-client-server/lab5/data-storage
2023-04-09 10:22:10,818 INFO:Sending headers: Host: 127.0.0.1:8080
Connection: keep-alive
sec-ch-ua: "Google Chrome";v="111", "Not(A:Brand";v="8", "Chromium";v="111"
sec-ch-ua-mobile: ?0
sec-ch-ua-platform: "Linux"
Upgrade-Insecure-Requests: 1
User-Agent: Mozilla/5.0 (X11; Linux x86_64) AppleWebKit/537.36 (KHTML, like Gecko) Chrome/111.0.0.0 Safari/537.36
Accept: text/html,application/xhtml+xml,application/xml;q=0.9,image/avif,image/webp,image/apng,*/*;q=0.8,application/signed-exchange;v=b3;q=0.7
Sec-Fetch-Site: same-origin
Sec-Fetch-Mode: navigate
Sec-Fetch-User: ?1
Sec-Fetch-Dest: document
Referer: http://127.0.0.1:8080/
Accept-Encoding: gzip, deflate, br
Accept-Language: ru,en;q=0.9
Cookie: csrftoken=NNJrhTa9Vi7WdtV7ZJlwV9ExmzI2Xn4L33OkLvsVQhVJtYoplYogfJwUZRgA2bXs
If-Modified-Since: Sun, 09 Apr 2023 07:01:29 GMT


2023-04-09 10:22:10,848 INFO:GET request received: /home/dev/myfolder/OS/apois-client-server/lab5/data-storage
2023-04-09 10:22:10,850 INFO:Sending headers: Host: 127.0.0.1:8080
Connection: keep-alive
sec-ch-ua: "Google Chrome";v="111", "Not(A:Brand";v="8", "Chromium";v="111"
sec-ch-ua-mobile: ?0
User-Agent: Mozilla/5.0 (X11; Linux x86_64) AppleWebKit/537.36 (KHTML, like Gecko) Chrome/111.0.0.0 Safari/537.36
sec-ch-ua-platform: "Linux"
Accept: text/css,*/*;q=0.1
Sec-Fetch-Site: same-origin
Sec-Fetch-Mode: no-cors
Sec-Fetch-Dest: style
Referer: http://127.0.0.1:8080/index1.html
Accept-Encoding: gzip, deflate, br
Accept-Language: ru,en;q=0.9
Cookie: csrftoken=NNJrhTa9Vi7WdtV7ZJlwV9ExmzI2Xn4L33OkLvsVQhVJtYoplYogfJwUZRgA2bXs
If-Modified-Since: Sun, 09 Apr 2023 06:53:21 GMT


2023-04-09 10:23:00,667 INFO:GET request received: /home/dev/myfolder/OS/apois-client-server/lab5/data-storage
2023-04-09 10:23:00,668 INFO:Sending headers: Host: 127.0.0.1:8080
Connection: keep-alive
Cache-Control: max-age=0
sec-ch-ua: "Google Chrome";v="111", "Not(A:Brand";v="8", "Chromium";v="111"
sec-ch-ua-mobile: ?0
sec-ch-ua-platform: "Linux"
Upgrade-Insecure-Requests: 1
User-Agent: Mozilla/5.0 (X11; Linux x86_64) AppleWebKit/537.36 (KHTML, like Gecko) Chrome/111.0.0.0 Safari/537.36
Accept: text/html,application/xhtml+xml,application/xml;q=0.9,image/avif,image/webp,image/apng,*/*;q=0.8,application/signed-exchange;v=b3;q=0.7
Sec-Fetch-Site: same-origin
Sec-Fetch-Mode: navigate
Sec-Fetch-User: ?1
Sec-Fetch-Dest: document
Referer: http://127.0.0.1:8080/
Accept-Encoding: gzip, deflate, br
Accept-Language: ru,en;q=0.9
Cookie: csrftoken=NNJrhTa9Vi7WdtV7ZJlwV9ExmzI2Xn4L33OkLvsVQhVJtYoplYogfJwUZRgA2bXs
If-Modified-Since: Sun, 09 Apr 2023 07:22:05 GMT


2023-04-09 10:23:06,010 INFO:GET request received: /home/dev/myfolder/OS/apois-client-server/lab5/data-storage
2023-04-09 10:23:06,012 INFO:Sending headers: Host: 127.0.0.1:8080
Connection: keep-alive
Cache-Control: max-age=0
sec-ch-ua: "Google Chrome";v="111", "Not(A:Brand";v="8", "Chromium";v="111"
sec-ch-ua-mobile: ?0
sec-ch-ua-platform: "Linux"
Upgrade-Insecure-Requests: 1
User-Agent: Mozilla/5.0 (X11; Linux x86_64) AppleWebKit/537.36 (KHTML, like Gecko) Chrome/111.0.0.0 Safari/537.36
Accept: text/html,application/xhtml+xml,application/xml;q=0.9,image/avif,image/webp,image/apng,*/*;q=0.8,application/signed-exchange;v=b3;q=0.7
Sec-Fetch-Site: same-origin
Sec-Fetch-Mode: navigate
Sec-Fetch-User: ?1
Sec-Fetch-Dest: document
Referer: http://127.0.0.1:8080/
Accept-Encoding: gzip, deflate, br
Accept-Language: ru,en;q=0.9
Cookie: csrftoken=NNJrhTa9Vi7WdtV7ZJlwV9ExmzI2Xn4L33OkLvsVQhVJtYoplYogfJwUZRgA2bXs
If-Modified-Since: Sun, 09 Apr 2023 07:23:00 GMT


2023-04-09 10:23:15,769 INFO:GET request received: /home/dev/myfolder/OS/apois-client-server/lab5/data-storage
2023-04-09 10:23:15,771 INFO:Sending headers: Host: 127.0.0.1:8080
Connection: keep-alive
Cache-Control: max-age=0
sec-ch-ua: "Google Chrome";v="111", "Not(A:Brand";v="8", "Chromium";v="111"
sec-ch-ua-mobile: ?0
sec-ch-ua-platform: "Linux"
Upgrade-Insecure-Requests: 1
User-Agent: Mozilla/5.0 (X11; Linux x86_64) AppleWebKit/537.36 (KHTML, like Gecko) Chrome/111.0.0.0 Safari/537.36
Accept: text/html,application/xhtml+xml,application/xml;q=0.9,image/avif,image/webp,image/apng,*/*;q=0.8,application/signed-exchange;v=b3;q=0.7
Sec-Fetch-Site: none
Sec-Fetch-Mode: navigate
Sec-Fetch-User: ?1
Sec-Fetch-Dest: document
Accept-Encoding: gzip, deflate, br
Accept-Language: ru,en;q=0.9
Cookie: csrftoken=NNJrhTa9Vi7WdtV7ZJlwV9ExmzI2Xn4L33OkLvsVQhVJtYoplYogfJwUZRgA2bXs


2023-04-09 10:31:19,268 INFO:GET request received: /home/dev/myfolder/OS/apois-client-server/lab5/data-storage
2023-04-09 10:31:19,269 INFO:Sending headers: Host: 127.0.0.1:8080
Connection: keep-alive
Cache-Control: max-age=0
sec-ch-ua: "Google Chrome";v="111", "Not(A:Brand";v="8", "Chromium";v="111"
sec-ch-ua-mobile: ?0
sec-ch-ua-platform: "Linux"
Upgrade-Insecure-Requests: 1
User-Agent: Mozilla/5.0 (X11; Linux x86_64) AppleWebKit/537.36 (KHTML, like Gecko) Chrome/111.0.0.0 Safari/537.36
Accept: text/html,application/xhtml+xml,application/xml;q=0.9,image/avif,image/webp,image/apng,*/*;q=0.8,application/signed-exchange;v=b3;q=0.7
Sec-Fetch-Site: none
Sec-Fetch-Mode: navigate
Sec-Fetch-User: ?1
Sec-Fetch-Dest: document
Accept-Encoding: gzip, deflate, br
Accept-Language: ru,en;q=0.9
Cookie: csrftoken=NNJrhTa9Vi7WdtV7ZJlwV9ExmzI2Xn4L33OkLvsVQhVJtYoplYogfJwUZRgA2bXs


2023-04-09 10:31:19,954 INFO:GET request received: /home/dev/myfolder/OS/apois-client-server/lab5/data-storage
2023-04-09 10:31:19,957 INFO:Sending headers: Host: 127.0.0.1:8080
Connection: keep-alive
Cache-Control: max-age=0
sec-ch-ua: "Google Chrome";v="111", "Not(A:Brand";v="8", "Chromium";v="111"
sec-ch-ua-mobile: ?0
sec-ch-ua-platform: "Linux"
Upgrade-Insecure-Requests: 1
User-Agent: Mozilla/5.0 (X11; Linux x86_64) AppleWebKit/537.36 (KHTML, like Gecko) Chrome/111.0.0.0 Safari/537.36
Accept: text/html,application/xhtml+xml,application/xml;q=0.9,image/avif,image/webp,image/apng,*/*;q=0.8,application/signed-exchange;v=b3;q=0.7
Sec-Fetch-Site: none
Sec-Fetch-Mode: navigate
Sec-Fetch-User: ?1
Sec-Fetch-Dest: document
Accept-Encoding: gzip, deflate, br
Accept-Language: ru,en;q=0.9
Cookie: csrftoken=NNJrhTa9Vi7WdtV7ZJlwV9ExmzI2Xn4L33OkLvsVQhVJtYoplYogfJwUZRgA2bXs


2023-04-09 10:31:26,541 INFO:OPTIONS request received: /home/dev/myfolder/OS/apois-client-server/lab5/data-storage
2023-04-09 10:31:26,542 INFO:Sending headers: Content-Type: application/json
User-Agent: PostmanRuntime/7.29.2
Accept: */*
Postman-Token: 08e417f2-3023-4d2a-a6c4-6b586b8d6962
Host: 127.0.0.1:8080
Accept-Encoding: gzip, deflate, br
Connection: keep-alive
Content-Length: 2


2023-04-09 10:32:36,653 INFO:OPTIONS request received: /home/dev/myfolder/OS/apois-client-server/lab5/data-storage
2023-04-09 10:32:36,656 INFO:Sending headers: Content-Type: application/json
User-Agent: PostmanRuntime/7.29.2
Accept: */*
Postman-Token: 36519014-48eb-4d32-b29b-bc5c43db7571
Host: 127.0.0.1:8081
Accept-Encoding: gzip, deflate, br
Connection: keep-alive
Content-Length: 2


2023-04-09 10:32:43,948 INFO:OPTIONS request received: /home/dev/myfolder/OS/apois-client-server/lab5/data-storage
2023-04-09 10:32:43,949 INFO:Sending headers: Content-Type: application/json
User-Agent: PostmanRuntime/7.29.2
Accept: */*
Postman-Token: af1a1d37-1736-46fe-9b3e-b7db1dd3416d
Host: 127.0.0.1:8081
Accept-Encoding: gzip, deflate, br
Connection: keep-alive
Content-Length: 2


2023-04-09 10:32:51,676 INFO:GET request received: /home/dev/myfolder/OS/apois-client-server/lab5/data-storage
2023-04-09 10:32:51,677 INFO:Sending headers: Content-Type: application/json
User-Agent: PostmanRuntime/7.29.2
Accept: */*
Postman-Token: 7b07dbc1-d28b-441c-bf70-b265bb0ad8e6
Host: 127.0.0.1:8081
Accept-Encoding: gzip, deflate, br
Connection: keep-alive
Content-Length: 2


2023-04-09 10:33:22,733 INFO:GET request received: /home/dev/myfolder/OS/apois-client-server/lab5/data-storage
2023-04-09 10:33:22,739 INFO:Sending headers: Content-Type: application/json
User-Agent: PostmanRuntime/7.29.2
Accept: */*
Postman-Token: 7dddd186-ef21-4238-a377-3a8851e2e764
Host: 127.0.0.1:8081
Accept-Encoding: gzip, deflate, br
Connection: keep-alive
Content-Length: 2


2023-04-09 10:33:28,202 INFO:GET request received: /home/dev/myfolder/OS/apois-client-server/lab5/data-storage
2023-04-09 10:33:28,204 INFO:Sending headers: Content-Type: application/json
User-Agent: PostmanRuntime/7.29.2
Accept: */*
Postman-Token: 0e5a351f-b502-4462-9407-b6551a80c5a4
Host: 127.0.0.1:8081
Accept-Encoding: gzip, deflate, br
Connection: keep-alive
Content-Length: 2


2023-04-09 10:33:28,210 INFO:GET request received: /home/dev/myfolder/OS/apois-client-server/lab5/data-storage
2023-04-09 10:33:28,211 INFO:Sending headers: User-Agent: PostmanRuntime/7.29.2
Accept: */*
Postman-Token: 0e5a351f-b502-4462-9407-b6551a80c5a4
Accept-Encoding: gzip, deflate, br
Connection: keep-alive
Referer: http://127.0.0.1:8081/images
Host: 127.0.0.1:8081


2023-04-09 10:33:37,541 INFO:GET request received: /home/dev/myfolder/OS/apois-client-server/lab5/data-storage
2023-04-09 10:33:37,541 INFO:Sending headers: Content-Type: application/json
User-Agent: PostmanRuntime/7.29.2
Accept: */*
Postman-Token: 237e300e-3c64-463f-a154-3a378cfb3c58
Host: 127.0.0.1:8081
Accept-Encoding: gzip, deflate, br
Connection: keep-alive
Content-Length: 2


2023-04-09 10:34:07,354 INFO:GET request received: /home/dev/myfolder/OS/apois-client-server/lab5/data-storage
2023-04-09 10:34:07,355 INFO:Sending headers: Content-Type: application/json
User-Agent: PostmanRuntime/7.29.2
Accept: */*
Postman-Token: 7ca4af01-e26a-4b93-94e6-a21795093436
Host: 127.0.0.1:8081
Accept-Encoding: gzip, deflate, br
Connection: keep-alive
Content-Length: 2


2023-04-09 10:34:22,757 INFO:POST request received: /home/dev/myfolder/OS/apois-client-server/lab5/data-storage
2023-04-09 10:34:22,758 INFO:Sending headers: Content-Type: application/json
User-Agent: PostmanRuntime/7.29.2
Accept: */*
Postman-Token: 0ea79d7b-e2f5-487f-86f5-711393db9aed
Host: 127.0.0.1:8081
Accept-Encoding: gzip, deflate, br
Connection: keep-alive
Content-Length: 24


2023-04-09 10:34:35,311 INFO:Sending headers: Content-Type: application/json
User-Agent: PostmanRuntime/7.29.2
Accept: */*
Postman-Token: b78eb7d6-703d-4e75-b312-304201f606bc
Host: 127.0.0.1:8081
Accept-Encoding: gzip, deflate, br
Connection: keep-alive
Content-Length: 24


2023-04-09 10:34:41,878 INFO:Sending headers: Content-Type: application/json
User-Agent: PostmanRuntime/7.29.2
Accept: */*
Postman-Token: d95664d8-e414-4fa5-a6c9-97ebebd442ba
Host: 127.0.0.1:8081
Accept-Encoding: gzip, deflate, br
Connection: keep-alive
Content-Length: 24


2023-04-09 10:34:45,207 INFO:Sending headers: Content-Type: application/json
User-Agent: PostmanRuntime/7.29.2
Accept: */*
Postman-Token: 10a554b6-6d2a-431f-9151-9a3cf10d5345
Host: 127.0.0.1:8081
Accept-Encoding: gzip, deflate, br
Connection: keep-alive
Content-Length: 24


2023-04-09 10:34:47,143 INFO:Sending headers: Content-Type: application/json
User-Agent: PostmanRuntime/7.29.2
Accept: */*
Postman-Token: aeb1cc7e-c13a-43f4-891e-6788dad750cc
Host: 127.0.0.1:8081
Accept-Encoding: gzip, deflate, br
Connection: keep-alive
Content-Length: 24


